#
# A fatal error has been detected by the Java Runtime Environment:
#
#  Internal Error (javaClasses.cpp:129), pid=5936, tid=5976
#  fatal error: Invalid layout of preloaded class
#
# JRE version: 7.0_25-b17
# Java VM: Java HotSpot(TM) 64-Bit Server VM (23.25-b01 mixed mode windows-amd64 compressed oops)
# Failed to write core dump. Minidumps are not enabled by default on client versions of Windows
#
# If you would like to submit a bug report, please visit:
#   http://bugreport.sun.com/bugreport/crash.jsp
#

---------------  T H R E A D  ---------------

Current thread (0x00000000028ad800):  JavaThread "Unknown thread" [_thread_in_vm, id=5976, stack(0x00000000028b0000,0x00000000029b0000)]

Stack: [0x00000000028b0000,0x00000000029b0000]

---------------  P R O C E S S  ---------------

Java Threads: ( => current thread )

Other Threads:

=>0x00000000028ad800 (exited) JavaThread "Unknown thread" [_thread_in_vm, id=5976, stack(0x00000000028b0000,0x00000000029b0000)]

VM state:not at safepoint (not fully initialized)

VM Mutex/Monitor currently owned by a thread: None

GC Heap History (0 events):
No events

Deoptimization events (0 events):
No events

Internal exceptions (0 events):
No events

Events (10 events):
Event: 0.016 loading class 0x00000000029d1b50 done
Event: 0.017 loading class 0x00000000029d1cd0 done
Event: 0.017 loading class 0x00000000029d1a60
Event: 0.017 loading class 0x0000000002a0fb90
Event: 0.017 loading class 0x0000000002a0fb90 done
Event: 0.017 loading class 0x0000000002a10310
Event: 0.017 loading class 0x0000000002a10310 done
Event: 0.017 loading class 0x0000000008d82bf0
Event: 0.017 loading class 0x0000000008d82bf0 done
Event: 0.017 loading class 0x00000000029d1a60 done


Dynamic libraries:
0x000007f63fc90000 - 0x000007f63fcc3000 	C:\Program Files\Java\jre7\bin\javaw.exe
0x000007f8bb700000 - 0x000007f8bb8c0000 	C:\Windows\SYSTEM32\ntdll.dll
0x000007f8b9860000 - 0x000007f8b9996000 	C:\Windows\system32\KERNEL32.DLL
0x000007f8b8680000 - 0x000007f8b8773000 	C:\Windows\system32\KERNELBASE.dll
0x000007f8bb280000 - 0x000007f8bb35e000 	C:\Windows\system32\ADVAPI32.dll
0x000007f8bade0000 - 0x000007f8baf2c000 	C:\Windows\system32\USER32.dll
0x000007f8b5b30000 - 0x000007f8b5d9a000 	C:\Windows\WinSxS\amd64_microsoft.windows.common-controls_6595b64144ccf1df_6.0.9200.16579_none_418ab7ef718b27ef\COMCTL32.dll
0x000007f8bb530000 - 0x000007f8bb5d5000 	C:\Windows\system32\msvcrt.dll
0x000007f8b94b0000 - 0x000007f8b94f8000 	C:\Windows\SYSTEM32\sechost.dll
0x000007f8baf30000 - 0x000007f8bb075000 	C:\Windows\system32\RPCRT4.dll
0x000007f8b9700000 - 0x000007f8b9841000 	C:\Windows\system32\GDI32.dll
0x000007f8bada0000 - 0x000007f8badd9000 	C:\Windows\system32\IMM32.DLL
0x000007f8bac80000 - 0x000007f8bad95000 	C:\Windows\system32\MSCTF.dll
0x0000000053dc0000 - 0x0000000053e91000 	C:\Program Files\Java\jre7\bin\msvcr100.dll
0x0000000052ec0000 - 0x00000000535cf000 	C:\Program Files\Java\jre7\bin\server\jvm.dll
0x000007f8ad390000 - 0x000007f8ad399000 	C:\Windows\SYSTEM32\WSOCK32.dll
0x000007f8b5de0000 - 0x000007f8b5e00000 	C:\Windows\SYSTEM32\WINMM.dll
0x000007f8bb080000 - 0x000007f8bb087000 	C:\Windows\system32\PSAPI.DLL
0x000007f8b8ef0000 - 0x000007f8b8f48000 	C:\Windows\system32\WS2_32.dll
0x000007f8b5da0000 - 0x000007f8b5dd2000 	C:\Windows\SYSTEM32\WINMMBASE.dll
0x000007f8bb090000 - 0x000007f8bb099000 	C:\Windows\system32\NSI.dll
0x0000000053db0000 - 0x0000000053dbf000 	C:\Program Files\Java\jre7\bin\verify.dll
0x0000000053d80000 - 0x0000000053da8000 	C:\Program Files\Java\jre7\bin\java.dll
0x0000000053d60000 - 0x0000000053d75000 	C:\Program Files\Java\jre7\bin\zip.dll

VM Arguments:
jvm_args: -Dfile.encoding=Cp1252 -Xbootclasspath:C:\Development\adt-bundle-windows-x86_64-20130729\sdk\platforms\android-17\android.jar 
java_command: com.example.runspyrun.SendMail
Launcher Type: SUN_STANDARD

Environment Variables:
JAVA_HOME=C:\Program Files\Java\jdk1.7.0_25
CLASSPATH=.;C:\Program Files (x86)\Java\jre7\lib\ext\QTJava.zip
PATH=C:\Windows\system32;C:\Windows;C:\Windows\System32\Wbem;C:\Windows\System32\WindowsPowerShell\v1.0\;C:\Program Files (x86)\Windows Live\Shared;C:\Program Files (x86)\QuickTime\QTSystem\;C:\Program Files\gradle-1.6\bin
USERNAME=Andrew
OS=Windows_NT
PROCESSOR_IDENTIFIER=Intel64 Family 6 Model 58 Stepping 9, GenuineIntel



---------------  S Y S T E M  ---------------

OS: Windows 8 , 64 bit Build 9200 

CPU:total 4 (2 cores per cpu, 2 threads per core) family 6 model 58 stepping 9, cmov, cx8, fxsr, mmx, sse, sse2, sse3, ssse3, sse4.1, sse4.2, popcnt, avx, ht, tsc, tscinvbit, tscinv

Memory: 4k page, physical 4094316k(1532624k free), swap 4815212k(1861056k free)

vm_info: Java HotSpot(TM) 64-Bit Server VM (23.25-b01) for windows-amd64 JRE (1.7.0_25-b17), built on Jun 21 2013 12:58:32 by "java_re" with unknown MS VC++:1600

time: Tue Sep 03 13:02:50 2013
elapsed time: 0 seconds

