/BATCH  
/COM,ANSYS RELEASE 14.0    UP20111024       11:55:35    08/13/2013
/input,menust,tmp,'',,,,,,,,,,,,,,,,1   
/COM,ANSYS RELEASE 14.0    UP20111024       11:55:36    08/13/2013
/GRA,POWER
/GST,ON
/PLO,INFO,3
/GRO,CURL,ON
/CPLANE,1   
/REPLOT,RESIZE  
WPSTYLE,,,,,,,,0
/DIST,1,1.08222638492,1 
/REP,FAST   
/DIST,1,1.08222638492,1 
/REP,FAST   
/DIST,1,1.08222638492,1 
/REP,FAST   
/DIST,1,1.08222638492,1 
/REP,FAST   
/DIST,1,0.924021086472,1
/REP,FAST   
/DIST,1,0.924021086472,1
/REP,FAST   
/DIST,1,0.924021086472,1
/REP,FAST   
/DIST,1,0.924021086472,1
/REP,FAST   
/DIST,1,0.924021086472,1
/REP,FAST   
/DIST,1,0.924021086472,1
/REP,FAST   
/DIST,1,0.924021086472,1
/REP,FAST   
/DIST,1,0.924021086472,1
/REP,FAST   
/DIST,1,0.924021086472,1
/REP,FAST   
/DIST,1,0.924021086472,1
/REP,FAST   
/DIST,1,0.924021086472,1
/REP,FAST   
/DIST,1,1.08222638492,1 
/REP,FAST   
/DIST,1,0.924021086472,1
/REP,FAST   
/DIST,1,0.924021086472,1
/REP,FAST   
/DIST,1,1.08222638492,1 
/REP,FAST   
/DIST,1,0.924021086472,1
/REP,FAST   
/DIST,1,1.08222638492,1 
/REP,FAST   
/DIST,1,0.924021086472,1
/REP,FAST   
/DIST,1,1.08222638492,1 
/REP,FAST   
/DIST,1,1.08222638492,1 
/REP,FAST   
/DIST,1,1.08222638492,1 
/REP,FAST   
/DIST,1,0.924021086472,1
/REP,FAST   
/DIST,1,0.924021086472,1
/REP,FAST   
/DIST,1,1.08222638492,1 
/REP,FAST   
/DIST,1,1.08222638492,1 
/REP,FAST   
/DIST,1,0.924021086472,1
/REP,FAST   
/DIST,1,0.924021086472,1
/REP,FAST   
/DIST,1,0.924021086472,1
/REP,FAST   
/DIST,1,0.924021086472,1
/REP,FAST   
/DIST,1,1.08222638492,1 
/REP,FAST   
/DIST,1,1.08222638492,1 
/REP,FAST   
/DIST,1,0.924021086472,1
/REP,FAST   
/DIST,1,1.08222638492,1 
/REP,FAST   
FINISH  
! /EXIT,NOSAV   
